<?xml version="1.0" encoding="UTF-8"?>
<testsuite name="com.corporation8793.medicinal_herb.herb_wp.rest.CreatePostWithMedia" tests="1" skipped="0" failures="0" errors="0" timestamp="2022-04-15T06:36:07" hostname="TFX245S" time="0.82">
  <properties/>
  <testcase name="media" classname="com.corporation8793.medicinal_herb.herb_wp.rest.CreatePostWithMedia" time="0.82"/>
  <system-out><![CDATA[====== CreatePostWithMedia ======
------ Upload              ------
response Media URL : http://3.37.133.132/wp-content/uploads/2022/04/Lenna-12.png
response Media ID : 226
------ Retrieve            ------
retrieve Media URL : http://3.37.133.132/wp-content/uploads/2022/04/Lenna-12.png
retrieve Media ID : 226
retrieve Status : 200

====== EndTest             ======
]]></system-out>
  <system-err><![CDATA[]]></system-err>
</testsuite>
