<?xml version="1.0" encoding="UTF-8"?>
<testsuite name="com.corporation8793.medicinal_herb.herb_wp.rest.PostsCRUD" tests="1" skipped="0" failures="0" errors="0" timestamp="2022-04-25T06:14:58" hostname="TFX245S" time="0.899">
  <properties/>
  <testcase name="postsCRUD" classname="com.corporation8793.medicinal_herb.herb_wp.rest.PostsCRUD" time="0.899"/>
  <system-out><![CDATA[====== postsCRUD       ======
------ Create          ------
response Code : 201

response Code : 201

response Code : 201

====== EndTest         ======
]]></system-out>
  <system-err><![CDATA[]]></system-err>
</testsuite>
